<?xml version="1.0" encoding="UTF-8"?>
<!-- Generated by org.testng.reporters.JUnitReportReporter -->
<testsuite hostname="LAPTOP-V6VACEO9" failures="0" tests="3" name="com.mindtree.Runner.Lambdatest" time="98.195" errors="0" timestamp="2022-01-30T22:42:37 IST" skipped="0">
  <testcase classname="com.mindtree.Runner.Lambdatest" name="Test2" time="49.685"/>
  <testcase classname="com.mindtree.Runner.Lambdatest" name="Test3" time="33.425"/>
  <testcase classname="com.mindtree.Runner.Lambdatest" name="Test1" time="15.085"/>
</testsuite> <!-- com.mindtree.Runner.Lambdatest -->
