<?xml version="1.0" encoding="UTF-8"?>
<!-- Generated by org.testng.reporters.JUnitReportReporter -->
<testsuite hostname="LAPTOP-V6VACEO9" failures="0" tests="3" name="com.mindtree.Runner.Lambdatest" time="107.880" errors="0" timestamp="2022-01-30T17:33:18 IST" skipped="0">
  <testcase classname="com.mindtree.Runner.Lambdatest" name="Test2" time="54.386"/>
  <testcase classname="com.mindtree.Runner.Lambdatest" name="Test1" time="18.220"/>
  <testcase classname="com.mindtree.Runner.Lambdatest" name="Test3" time="35.274"/>
</testsuite> <!-- com.mindtree.Runner.Lambdatest -->
