<?xml version="1.0" encoding="UTF-8"?>
<!-- Generated by org.testng.reporters.JUnitReportReporter -->
<testsuite hostname="paliwalaman23-lambda-wemqo3rh8jl" failures="0" tests="3" name="com.mindtree.Runner.Lambdatest" time="79.297" errors="0" timestamp="2022-01-30T17:40:45 UTC" skipped="0">
  <testcase classname="com.mindtree.Runner.Lambdatest" name="Test2" time="36.356"/>
  <testcase classname="com.mindtree.Runner.Lambdatest" name="Test3" time="31.743"/>
  <testcase classname="com.mindtree.Runner.Lambdatest" name="Test1" time="11.198"/>
</testsuite> <!-- com.mindtree.Runner.Lambdatest -->
